app/build/intermediates/manifest_merge_blame_file/demoDebug/manifest-merger-blame-demo-debug-report.txt
1<?xml version="1.0" encoding="utf-8"?>
2<manifest xmlns:android="http://schemas.android.com/apk/res/android"
3    package="com.addx.ai.demo"
4    android:versionCode="1"
5    android:versionName="1.0" >
6
7    <uses-sdk
8        android:minSdkVersion="21"
8-->src/main/AndroidManifest.xml
9        android:targetSdkVersion="29" />
9-->src/main/AndroidManifest.xml
10
11    <!-- 需要动态申请 -->
12    <uses-permission android:name="android.permission.ACCESS_COARSE_LOCATION" />
12-->[com.addx.ai:opensdk:1.0.1] AndroidManifest.xml:13:5-81
12-->[com.addx.ai:opensdk:1.0.1] AndroidManifest.xml:13:22-78
13    <uses-permission android:name="android.permission.ACCESS_FINE_LOCATION" />
13-->[com.addx.ai:opensdk:1.0.1] AndroidManifest.xml:14:5-79
13-->[com.addx.ai:opensdk:1.0.1] AndroidManifest.xml:14:22-76
14    <uses-permission android:name="android.permission.WRITE_EXTERNAL_STORAGE" />
14-->[com.addx.ai:opensdk:1.0.1] AndroidManifest.xml:15:5-81
14-->[com.addx.ai:opensdk:1.0.1] AndroidManifest.xml:15:22-78
15    <uses-permission android:name="android.permission.READ_EXTERNAL_STORAGE" />
15-->[com.addx.ai:opensdk:1.0.1] AndroidManifest.xml:16:5-80
15-->[com.addx.ai:opensdk:1.0.1] AndroidManifest.xml:16:22-77
16    <uses-permission android:name="android.permission.INTERNET" />
16-->[com.addx.ai:opensdk:1.0.1] AndroidManifest.xml:17:5-67
16-->[com.addx.ai:opensdk:1.0.1] AndroidManifest.xml:17:22-64
17    <uses-permission android:name="android.permission.ACCESS_NETWORK_STATE" />
17-->[com.addx.ai:opensdk:1.0.1] AndroidManifest.xml:18:5-79
17-->[com.addx.ai:opensdk:1.0.1] AndroidManifest.xml:18:22-76
18    <uses-permission android:name="android.permission.ACCESS_WIFI_STATE" />
18-->[com.addx.ai:opensdk:1.0.1] AndroidManifest.xml:19:5-76
18-->[com.addx.ai:opensdk:1.0.1] AndroidManifest.xml:19:22-73
19    <uses-permission android:name="android.permission.CHANGE_WIFI_STATE" />
19-->[com.addx.ai:opensdk:1.0.1] AndroidManifest.xml:20:5-76
19-->[com.addx.ai:opensdk:1.0.1] AndroidManifest.xml:20:22-73
20    <uses-permission android:name="android.permission.MODIFY_AUDIO_SETTINGS" />
20-->[com.addx.ai:opensdk:1.0.1] AndroidManifest.xml:21:5-80
20-->[com.addx.ai:opensdk:1.0.1] AndroidManifest.xml:21:22-77
21    <uses-permission android:name="android.permission.RECORD_AUDIO" />
21-->[com.addx.ai:opensdk:1.0.1] AndroidManifest.xml:22:5-71
21-->[com.addx.ai:opensdk:1.0.1] AndroidManifest.xml:22:22-68
22    <uses-permission android:name="android.permission.REQUEST_INSTALL_PACKAGES" />
22-->[com.addx.ai:opensdk:1.0.1] AndroidManifest.xml:23:5-83
22-->[com.addx.ai:opensdk:1.0.1] AndroidManifest.xml:23:22-80
23    <uses-permission android:name="android.permission.READ_PHONE_STATE" />
23-->[com.addx.ai:opensdk:1.0.1] AndroidManifest.xml:24:5-75
23-->[com.addx.ai:opensdk:1.0.1] AndroidManifest.xml:24:22-72
24    <uses-permission android:name="android.permission.SYSTEM_ALERT_WINDOW" />
24-->[com.addx.ai:opensdk:1.0.1] AndroidManifest.xml:25:5-78
24-->[com.addx.ai:opensdk:1.0.1] AndroidManifest.xml:25:22-75
25    <uses-permission android:name="android.permission.SYSTEM_OVERLAY_WINDOW" />
25-->[com.addx.ai:opensdk:1.0.1] AndroidManifest.xml:26:5-80
25-->[com.addx.ai:opensdk:1.0.1] AndroidManifest.xml:26:22-77
26    <uses-permission android:name="android.permission.WAKE_LOCK" />
26-->[com.addx.ai:opensdk:1.0.1] AndroidManifest.xml:27:5-68
26-->[com.addx.ai:opensdk:1.0.1] AndroidManifest.xml:27:22-65
27    <uses-permission android:name="android.permission.BROADCAST_PACKAGE_ADDED" />
27-->[com.addx.ai:opensdk:1.0.1] AndroidManifest.xml:28:5-82
27-->[com.addx.ai:opensdk:1.0.1] AndroidManifest.xml:28:22-79
28    <uses-permission android:name="android.permission.BROADCAST_PACKAGE_CHANGED" />
28-->[com.addx.ai:opensdk:1.0.1] AndroidManifest.xml:29:5-84
28-->[com.addx.ai:opensdk:1.0.1] AndroidManifest.xml:29:22-81
29    <uses-permission android:name="android.permission.BROADCAST_PACKAGE_INSTALL" />
29-->[com.addx.ai:opensdk:1.0.1] AndroidManifest.xml:30:5-84
29-->[com.addx.ai:opensdk:1.0.1] AndroidManifest.xml:30:22-81
30    <uses-permission android:name="android.permission.BROADCAST_PACKAGE_REPLACED" />
30-->[com.addx.ai:opensdk:1.0.1] AndroidManifest.xml:31:5-85
30-->[com.addx.ai:opensdk:1.0.1] AndroidManifest.xml:31:22-82
31    <uses-permission android:name="android.permission.GET_TASKS" />
31-->[com.addx.ai:opensdk:1.0.1] AndroidManifest.xml:32:5-68
31-->[com.addx.ai:opensdk:1.0.1] AndroidManifest.xml:32:22-65
32    <uses-permission android:name="android.permission.RECEIVE_BOOT_COMPLETED" />
32-->[com.addx.ai:opensdk:1.0.1] AndroidManifest.xml:33:5-81
32-->[com.addx.ai:opensdk:1.0.1] AndroidManifest.xml:33:22-78
33    <uses-permission android:name="com.huawei.android.launcher.permission.CHANGE_BADGE" />
33-->[com.addx.ai:opensdk:1.0.1] AndroidManifest.xml:34:5-91
33-->[com.addx.ai:opensdk:1.0.1] AndroidManifest.xml:34:22-88
34    <uses-permission android:name="com.sonyericsson.home.permission.BROADCAST_BADGE" />
34-->[com.addx.ai:opensdk:1.0.1] AndroidManifest.xml:35:5-88
34-->[com.addx.ai:opensdk:1.0.1] AndroidManifest.xml:35:22-85
35    <uses-permission android:name="android.permission.VIBRATE" />
35-->[com.addx.ai:Common:1.0.0] AndroidManifest.xml:8:5-66
35-->[com.addx.ai:Common:1.0.0] AndroidManifest.xml:8:22-63
36    <uses-permission android:name="android.permission.CAMERA" />
36-->[com.addx.ai:zxing:1.0.0] AndroidManifest.xml:11:5-65
36-->[com.addx.ai:zxing:1.0.0] AndroidManifest.xml:11:22-62
37    <uses-permission android:name="android.permission.FLASHLIGHT" />
37-->[com.addx.ai:zxing:1.0.0] AndroidManifest.xml:12:5-69
37-->[com.addx.ai:zxing:1.0.0] AndroidManifest.xml:12:22-66
38
39    <uses-feature android:name="android.hardware.camera" />
39-->[com.addx.ai:zxing:1.0.0] AndroidManifest.xml:14:5-60
39-->[com.addx.ai:zxing:1.0.0] AndroidManifest.xml:14:19-57
40    <uses-feature android:name="android.hardware.camera.autofocus" /> <!-- To allow starting foreground services on Android P+ - https://developer.android.com/preview/behavior-changes#fg-svc -->
40-->[com.addx.ai:zxing:1.0.0] AndroidManifest.xml:15:5-70
40-->[com.addx.ai:zxing:1.0.0] AndroidManifest.xml:15:19-67
41    <uses-permission android:name="android.permission.FOREGROUND_SERVICE" />
41-->[com.liulishuo.filedownloader:library:1.7.6] AndroidManifest.xml:9:5-77
41-->[com.liulishuo.filedownloader:library:1.7.6] AndroidManifest.xml:9:22-74
42
43    <supports-screens
43-->[com.alipay:alipaySdk-15.6.5:] AndroidManifest.xml:11:5-16:39
44        android:anyDensity="true"
44-->[com.alipay:alipaySdk-15.6.5:] AndroidManifest.xml:12:9-34
45        android:largeScreens="true"
45-->[com.alipay:alipaySdk-15.6.5:] AndroidManifest.xml:13:9-36
46        android:normalScreens="true"
46-->[com.alipay:alipaySdk-15.6.5:] AndroidManifest.xml:14:9-37
47        android:resizeable="true"
47-->[com.alipay:alipaySdk-15.6.5:] AndroidManifest.xml:15:9-34
48        android:smallScreens="true" />
48-->[com.alipay:alipaySdk-15.6.5:] AndroidManifest.xml:16:9-36
49
50    <uses-permission android:name="com.android.vending.BILLING" /> <!-- 【常用】 信鸽SDK所需权限 -->
50-->[com.android.billingclient:billing:2.0.3] AndroidManifest.xml:10:5-67
50-->[com.android.billingclient:billing:2.0.3] AndroidManifest.xml:10:22-64
51    <uses-permission android:name="android.permission.RECEIVE_USER_PRESENT" /> <!-- 【可选】 信鸽SDK所需权限 -->
51-->[com.tencent.tpns:tpns:1.2.2.3-release] AndroidManifest.xml:18:5-79
51-->[com.tencent.tpns:tpns:1.2.2.3-release] AndroidManifest.xml:18:22-76
52    <uses-permission android:name="android.permission.RESTART_PACKAGES" /> <!-- 【必须】 信鸽SDK VIP版本所需权限,com.qq.xgdemo改成app实际包名 -->
52-->[com.tencent.tpns:tpns:1.2.2.3-release] AndroidManifest.xml:23:5-75
52-->[com.tencent.tpns:tpns:1.2.2.3-release] AndroidManifest.xml:23:22-72
53    <permission
53-->[com.tencent.tpns:tpns:1.2.2.3-release] AndroidManifest.xml:26:5-28:47
54        android:name="com.addx.ai.demo.permission.XGPUSH_RECEIVE"
54-->[com.tencent.tpns:tpns:1.2.2.3-release] AndroidManifest.xml:27:9-66
55        android:protectionLevel="signature" />
55-->[com.tencent.tpns:tpns:1.2.2.3-release] AndroidManifest.xml:28:9-44
56
57    <uses-permission android:name="com.addx.ai.demo.permission.XGPUSH_RECEIVE" /> <!-- 注意这里.permission.PASSBY_MSG是自身app的包名 + .permission.PROCESS_PUSH_MSG -->
57-->[com.tencent.tpns:tpns:1.2.2.3-release] AndroidManifest.xml:30:5-82
57-->[com.tencent.tpns:tpns:1.2.2.3-release] AndroidManifest.xml:30:22-79
58    <permission
58-->[com.huawei.hms:push:4.0.3.301] AndroidManifest.xml:10:5-12:55
59        android:name="com.addx.ai.demo.permission.PROCESS_PUSH_MSG"
59-->[com.huawei.hms:push:4.0.3.301] AndroidManifest.xml:11:9-68
60        android:protectionLevel="signatureOrSystem" />
60-->[com.huawei.hms:push:4.0.3.301] AndroidManifest.xml:12:9-52
61    <permission
61-->[com.huawei.hms:push:4.0.3.301] AndroidManifest.xml:13:5-15:55
62        android:name="com.addx.ai.demo.permission.PUSH_PROVIDER"
62-->[com.huawei.hms:push:4.0.3.301] AndroidManifest.xml:14:9-65
63        android:protectionLevel="signatureOrSystem" />
63-->[com.huawei.hms:push:4.0.3.301] AndroidManifest.xml:15:9-52
64    <permission
64-->[com.huawei.hms:push:4.0.3.301] AndroidManifest.xml:16:5-18:55
65        android:name="com.addx.ai.demo.permission.PUSH_WRITE_PROVIDER"
65-->[com.huawei.hms:push:4.0.3.301] AndroidManifest.xml:17:9-71
66        android:protectionLevel="signatureOrSystem" /> <!-- 注意这里.permission.PASSBY_MSG是自身app的包名 + .permission.PROCESS_PUSH_MSG -->
66-->[com.huawei.hms:push:4.0.3.301] AndroidManifest.xml:18:9-52
67    <uses-permission android:name="com.addx.ai.demo.permission.PROCESS_PUSH_MSG" />
67-->[com.huawei.hms:push:4.0.3.301] AndroidManifest.xml:20:5-84
67-->[com.huawei.hms:push:4.0.3.301] AndroidManifest.xml:20:22-81
68    <uses-permission android:name="com.addx.ai.demo.permission.PUSH_PROVIDER" /> <!-- 小米所需权限 -->
68-->[com.huawei.hms:push:4.0.3.301] AndroidManifest.xml:21:5-81
68-->[com.huawei.hms:push:4.0.3.301] AndroidManifest.xml:21:22-78
69    <permission
69-->[com.tencent.tpns:xiaomi:1.2.2.3-release] AndroidManifest.xml:10:5-12:47
70        android:name="com.addx.ai.demo.permission.MIPUSH_RECEIVE"
70-->[com.tencent.tpns:xiaomi:1.2.2.3-release] AndroidManifest.xml:11:9-66
71        android:protectionLevel="signature" /> <!-- 这里com.example.mipushtest改成app的包名 -->
71-->[com.tencent.tpns:xiaomi:1.2.2.3-release] AndroidManifest.xml:12:9-44
72    <uses-permission android:name="com.addx.ai.demo.permission.MIPUSH_RECEIVE" /> <!-- 注：魅族push 需要的权限 begin -->
72-->[com.tencent.tpns:xiaomi:1.2.2.3-release] AndroidManifest.xml:14:5-82
72-->[com.tencent.tpns:xiaomi:1.2.2.3-release] AndroidManifest.xml:14:22-79
73    <!-- 兼容flyme5.0以下版本，魅族内部集成pushSDK必填，不然无法收到消息 -->
74    <uses-permission android:name="com.meizu.flyme.push.permission.RECEIVE" />
74-->[com.tencent.tpns:meizu:1.2.2.3-release] AndroidManifest.xml:11:5-79
74-->[com.tencent.tpns:meizu:1.2.2.3-release] AndroidManifest.xml:11:22-76
75
76    <permission
76-->[com.tencent.tpns:meizu:1.2.2.3-release] AndroidManifest.xml:13:5-15:47
77        android:name="com.addx.ai.demo.push.permission.MESSAGE"
77-->[com.tencent.tpns:meizu:1.2.2.3-release] AndroidManifest.xml:14:9-64
78        android:protectionLevel="signature" />
78-->[com.tencent.tpns:meizu:1.2.2.3-release] AndroidManifest.xml:15:9-44
79
80    <uses-permission android:name="com.addx.ai.demo.push.permission.MESSAGE" /> <!-- 兼容flyme3.0配置权限 -->
80-->[com.tencent.tpns:meizu:1.2.2.3-release] AndroidManifest.xml:17:5-80
80-->[com.tencent.tpns:meizu:1.2.2.3-release] AndroidManifest.xml:17:22-77
81    <uses-permission android:name="com.meizu.c2dm.permission.RECEIVE" />
81-->[com.tencent.tpns:meizu:1.2.2.3-release] AndroidManifest.xml:20:5-73
81-->[com.tencent.tpns:meizu:1.2.2.3-release] AndroidManifest.xml:20:22-70
82
83    <permission
83-->[com.tencent.tpns:meizu:1.2.2.3-release] AndroidManifest.xml:22:5-24:47
84        android:name="com.addx.ai.demo.permission.C2D_MESSAGE"
84-->[com.tencent.tpns:meizu:1.2.2.3-release] AndroidManifest.xml:23:9-63
85        android:protectionLevel="signature" />
85-->[com.tencent.tpns:meizu:1.2.2.3-release] AndroidManifest.xml:24:9-44
86
87    <uses-permission android:name="com.addx.ai.demo.permission.C2D_MESSAGE" /> <!-- 以下为2.0.2版本权限 -->
87-->[com.tencent.tpns:meizu:1.2.2.3-release] AndroidManifest.xml:26:5-79
87-->[com.tencent.tpns:meizu:1.2.2.3-release] AndroidManifest.xml:26:22-76
88    <uses-permission android:name="com.coloros.mcs.permission.RECIEVE_MCS_MESSAGE" />
88-->[com.tencent.tpns:oppo:1.2.2.3-release] AndroidManifest.xml:11:5-86
88-->[com.tencent.tpns:oppo:1.2.2.3-release] AndroidManifest.xml:11:22-83
89    <uses-permission android:name="com.heytap.mcs.permission.RECIEVE_MCS_MESSAGE" /> <!-- Required by older versions of Google Play services to create IID tokens -->
89-->[com.tencent.tpns:oppo:1.2.2.3-release] AndroidManifest.xml:12:5-85
89-->[com.tencent.tpns:oppo:1.2.2.3-release] AndroidManifest.xml:12:22-82
90    <uses-permission android:name="com.google.android.c2dm.permission.RECEIVE" /> <!-- 应用市场9.0版本必须使用该权限获取用户的服务地 -->
90-->[com.google.firebase:firebase-iid:17.1.2] AndroidManifest.xml:26:5-82
90-->[com.google.firebase:firebase-iid:17.1.2] AndroidManifest.xml:26:22-79
91    <uses-permission android:name="com.huawei.appmarket.service.commondata.permission.GET_COMMON_DATA" />
91-->[com.huawei.hms:base:4.0.2.300] AndroidManifest.xml:18:5-106
91-->[com.huawei.hms:base:4.0.2.300] AndroidManifest.xml:18:22-103
92
93    <application
93-->src/main/AndroidManifest.xml:6:5-35:19
94        android:name="com.addx.ai.demo.demoApp"
94-->src/main/AndroidManifest.xml:7:9-48
95        android:allowBackup="true"
95-->src/main/AndroidManifest.xml:8:9-35
96        android:appComponentFactory="androidx.core.app.CoreComponentFactory"
96-->[androidx.core:core:1.6.0-beta01] AndroidManifest.xml:24:18-86
97        android:debuggable="true"
98        android:icon="@mipmap/ic_launcher"
98-->src/main/AndroidManifest.xml:9:9-43
99        android:label="addxdemo"
99-->src/main/AndroidManifest.xml:10:9-33
100        android:largeHeap="true"
100-->[com.addx.ai:opensdk:1.0.1] AndroidManifest.xml:42:9-33
101        android:networkSecurityConfig="@xml/network_security_config"
101-->[com.addx.ai:opensdk:1.0.1] AndroidManifest.xml:43:9-69
102        android:requestLegacyExternalStorage="true"
102-->[com.addx.ai:opensdk:1.0.1] AndroidManifest.xml:44:9-52
103        android:roundIcon="@mipmap/ic_launcher_round"
103-->src/main/AndroidManifest.xml:11:9-54
104        android:supportsRtl="true"
104-->src/main/AndroidManifest.xml:12:9-35
105        android:testOnly="true"
106        android:theme="@style/AppTheme" >
106-->src/main/AndroidManifest.xml:13:9-40
107        <activity
107-->src/main/AndroidManifest.xml:15:9-17:61
108            android:name="com.addx.ai.demo.DeviceListActivity"
108-->src/main/AndroidManifest.xml:15:19-53
109            android:configChanges="orientation|keyboardHidden|screenSize"
109-->src/main/AndroidManifest.xml:16:13-74
110            android:screenOrientation="portrait" />
110-->src/main/AndroidManifest.xml:17:13-49
111        <activity android:name="com.addx.ai.demo.MineActivity" />
111-->src/main/AndroidManifest.xml:18:9-50
111-->src/main/AndroidManifest.xml:18:19-47
112        <activity android:name="com.addx.ai.demo.LibActivity" />
112-->src/main/AndroidManifest.xml:19:9-49
112-->src/main/AndroidManifest.xml:19:19-46
113        <activity
113-->src/main/AndroidManifest.xml:20:9-28:20
114            android:name="com.addx.ai.demo.MainActivity"
114-->src/main/AndroidManifest.xml:21:13-41
115            android:launchMode="singleTask" >
115-->src/main/AndroidManifest.xml:22:13-44
116            <intent-filter>
116-->src/main/AndroidManifest.xml:23:13-27:29
117                <action android:name="android.intent.action.MAIN" />
117-->src/main/AndroidManifest.xml:24:17-69
117-->src/main/AndroidManifest.xml:24:25-66
118
119                <category android:name="android.intent.category.LAUNCHER" />
119-->src/main/AndroidManifest.xml:26:17-77
119-->src/main/AndroidManifest.xml:26:27-74
120            </intent-filter>
121        </activity>
122        <activity android:name="com.addx.ai.demo.WebViewActivity" />
122-->src/main/AndroidManifest.xml:29:9-53
122-->src/main/AndroidManifest.xml:29:19-50
123        <activity android:name="com.addx.ai.demo.OtherActivity" />
123-->src/main/AndroidManifest.xml:30:9-51
123-->src/main/AndroidManifest.xml:30:19-48
124        <activity android:name="com.addx.ai.demo.BaseActivity" />
124-->src/main/AndroidManifest.xml:31:9-50
124-->src/main/AndroidManifest.xml:31:19-47
125        <activity android:name="com.addx.ai.demo.VideoViewTest" />
125-->src/main/AndroidManifest.xml:32:9-51
125-->src/main/AndroidManifest.xml:32:19-48
126        <activity android:name="com.addx.ai.demo.Logintest" />
126-->src/main/AndroidManifest.xml:33:9-47
126-->src/main/AndroidManifest.xml:33:19-44
127        <activity android:name="com.addx.ai.demo.NocontrolVideoViewTest" />
127-->src/main/AndroidManifest.xml:34:9-60
127-->src/main/AndroidManifest.xml:34:19-57
128
129        <provider
129-->[com.addx.ai:opensdk:1.0.1] AndroidManifest.xml:48:9-56:20
130            android:name="androidx.core.content.FileProvider"
130-->[com.addx.ai:opensdk:1.0.1] AndroidManifest.xml:49:13-62
131            android:authorities="com.addx.ai.demo.fileProvide"
131-->[com.addx.ai:opensdk:1.0.1] AndroidManifest.xml:50:13-63
132            android:exported="false"
132-->[com.addx.ai:opensdk:1.0.1] AndroidManifest.xml:51:13-37
133            android:grantUriPermissions="true" >
133-->[com.addx.ai:opensdk:1.0.1] AndroidManifest.xml:52:13-47
134            <meta-data
134-->[com.addx.ai:opensdk:1.0.1] AndroidManifest.xml:53:13-55:54
135                android:name="android.support.FILE_PROVIDER_PATHS"
135-->[com.addx.ai:opensdk:1.0.1] AndroidManifest.xml:54:17-67
136                android:resource="@xml/file_paths" />
136-->[com.addx.ai:opensdk:1.0.1] AndroidManifest.xml:55:17-51
137        </provider>
138
139        <activity
139-->[com.addx.ai:opensdk:1.0.1] AndroidManifest.xml:58:9-70:20
140            android:name="com.ai.guard.vicohome.SplashActivity"
140-->[com.addx.ai:opensdk:1.0.1] AndroidManifest.xml:59:13-64
141            android:exported="true"
141-->[com.addx.ai:opensdk:1.0.1] AndroidManifest.xml:60:13-36
142            android:screenOrientation="portrait"
142-->[com.addx.ai:opensdk:1.0.1] AndroidManifest.xml:61:13-49
143            android:theme="@style/SplashTheme" >
143-->[com.addx.ai:opensdk:1.0.1] AndroidManifest.xml:62:13-47
144
145            <!-- <intent-filter> -->
146            <!-- <action android:name="android.intent.action.MAIN" /> -->
147
148
149            <!-- <category android:name="android.intent.category.LAUNCHER" /> -->
150            <!-- </intent-filter> -->
151        </activity>
152        <activity
152-->[com.addx.ai:opensdk:1.0.1] AndroidManifest.xml:71:9-75:52
153            android:name="com.ai.guard.vicohome.modules.HomeActivity"
153-->[com.addx.ai:opensdk:1.0.1] AndroidManifest.xml:72:13-70
154            android:configChanges="orientation|keyboardHidden|screenSize"
154-->[com.addx.ai:opensdk:1.0.1] AndroidManifest.xml:73:13-74
155            android:exported="true"
155-->[com.addx.ai:opensdk:1.0.1] AndroidManifest.xml:74:13-36
156            android:screenOrientation="portrait" />
156-->[com.addx.ai:opensdk:1.0.1] AndroidManifest.xml:75:13-49
157        <activity
157-->[com.addx.ai:opensdk:1.0.1] AndroidManifest.xml:76:9-80:67
158            android:name="com.ai.guard.vicohome.modules.mine.account.LoginActivity"
158-->[com.addx.ai:opensdk:1.0.1] AndroidManifest.xml:77:13-84
159            android:exported="true"
159-->[com.addx.ai:opensdk:1.0.1] AndroidManifest.xml:78:13-36
160            android:screenOrientation="portrait"
160-->[com.addx.ai:opensdk:1.0.1] AndroidManifest.xml:79:13-49
161            android:windowSoftInputMode="stateHidden|adjustPan" />
161-->[com.addx.ai:opensdk:1.0.1] AndroidManifest.xml:80:13-64
162        <activity
162-->[com.addx.ai:opensdk:1.0.1] AndroidManifest.xml:81:9-85:70
163            android:name="com.ai.guard.vicohome.modules.mine.account.RegisterActivity"
163-->[com.addx.ai:opensdk:1.0.1] AndroidManifest.xml:82:13-87
164            android:exported="true"
164-->[com.addx.ai:opensdk:1.0.1] AndroidManifest.xml:83:13-36
165            android:screenOrientation="portrait"
165-->[com.addx.ai:opensdk:1.0.1] AndroidManifest.xml:84:13-49
166            android:windowSoftInputMode="stateHidden|adjustResize" />
166-->[com.addx.ai:opensdk:1.0.1] AndroidManifest.xml:85:13-67
167        <activity
167-->[com.addx.ai:opensdk:1.0.1] AndroidManifest.xml:86:9-89:70
168            android:name="com.ai.guard.vicohome.modules.mine.account.VerificationCodeActivity"
168-->[com.addx.ai:opensdk:1.0.1] AndroidManifest.xml:87:13-95
169            android:screenOrientation="portrait"
169-->[com.addx.ai:opensdk:1.0.1] AndroidManifest.xml:88:13-49
170            android:windowSoftInputMode="stateHidden|adjustResize" />
170-->[com.addx.ai:opensdk:1.0.1] AndroidManifest.xml:89:13-67
171        <activity
171-->[com.addx.ai:opensdk:1.0.1] AndroidManifest.xml:90:9-96:20
172            android:name="com.ai.guard.vicohome.modules.mine.account.PwdSettingActivity"
172-->[com.addx.ai:opensdk:1.0.1] AndroidManifest.xml:91:13-89
173            android:screenOrientation="portrait" >
173-->[com.addx.ai:opensdk:1.0.1] AndroidManifest.xml:92:13-49
174            <intent-filter>
174-->[com.addx.ai:opensdk:1.0.1] AndroidManifest.xml:93:13-95:29
175                <action android:name="android.intent.action.MAIN" />
175-->src/main/AndroidManifest.xml:24:17-69
175-->src/main/AndroidManifest.xml:24:25-66
176            </intent-filter>
177        </activity>
178        <activity
178-->[com.addx.ai:opensdk:1.0.1] AndroidManifest.xml:97:9-103:20
179            android:name="com.ai.guard.vicohome.modules.home.addLocation.LocationActivity"
179-->[com.addx.ai:opensdk:1.0.1] AndroidManifest.xml:98:13-91
180            android:screenOrientation="portrait" >
180-->[com.addx.ai:opensdk:1.0.1] AndroidManifest.xml:99:13-49
181            <intent-filter>
181-->[com.addx.ai:opensdk:1.0.1] AndroidManifest.xml:93:13-95:29
182                <action android:name="android.intent.action.MAIN" />
182-->src/main/AndroidManifest.xml:24:17-69
182-->src/main/AndroidManifest.xml:24:25-66
183            </intent-filter>
184        </activity>
185        <activity
185-->[com.addx.ai:opensdk:1.0.1] AndroidManifest.xml:104:9-107:67
186            android:name="com.ai.guard.vicohome.modules.home.selectCountry.SelectRegionActivity"
186-->[com.addx.ai:opensdk:1.0.1] AndroidManifest.xml:105:13-97
187            android:screenOrientation="portrait"
187-->[com.addx.ai:opensdk:1.0.1] AndroidManifest.xml:106:13-49
188            android:windowSoftInputMode="stateHidden|adjustPan" />
188-->[com.addx.ai:opensdk:1.0.1] AndroidManifest.xml:107:13-64
189        <activity
189-->[com.addx.ai:opensdk:1.0.1] AndroidManifest.xml:108:9-111:70
190            android:name="com.ai.guard.vicohome.modules.mine.account.ForgotPwdActivity"
190-->[com.addx.ai:opensdk:1.0.1] AndroidManifest.xml:109:13-88
191            android:screenOrientation="portrait"
191-->[com.addx.ai:opensdk:1.0.1] AndroidManifest.xml:110:13-49
192            android:windowSoftInputMode="stateHidden|adjustResize" />
192-->[com.addx.ai:opensdk:1.0.1] AndroidManifest.xml:111:13-67
193        <activity
193-->[com.addx.ai:opensdk:1.0.1] AndroidManifest.xml:112:9-115:67
194            android:name="com.ai.guard.vicohome.modules.library.FilterActivity"
194-->[com.addx.ai:opensdk:1.0.1] AndroidManifest.xml:113:13-80
195            android:screenOrientation="portrait"
195-->[com.addx.ai:opensdk:1.0.1] AndroidManifest.xml:114:13-49
196            android:windowSoftInputMode="stateHidden|adjustPan" />
196-->[com.addx.ai:opensdk:1.0.1] AndroidManifest.xml:115:13-64
197        <activity
197-->[com.addx.ai:opensdk:1.0.1] AndroidManifest.xml:116:9-119:52
198            android:name="com.ai.guard.vicohome.modules.library.LibraryActivity"
198-->[com.addx.ai:opensdk:1.0.1] AndroidManifest.xml:117:13-81
199            android:configChanges="orientation|screenSize"
199-->[com.addx.ai:opensdk:1.0.1] AndroidManifest.xml:118:13-59
200            android:screenOrientation="portrait" />
200-->[com.addx.ai:opensdk:1.0.1] AndroidManifest.xml:119:13-49
201        <activity
201-->[com.addx.ai:opensdk:1.0.1] AndroidManifest.xml:120:9-123:52
202            android:name="com.ai.guard.vicohome.modules.home.addDevice.imageDisplay.ImageDisplayActivity"
202-->[com.addx.ai:opensdk:1.0.1] AndroidManifest.xml:121:13-106
203            android:configChanges="orientation|screenSize"
203-->[com.addx.ai:opensdk:1.0.1] AndroidManifest.xml:122:13-59
204            android:screenOrientation="portrait" />
204-->[com.addx.ai:opensdk:1.0.1] AndroidManifest.xml:123:13-49
205        <activity
205-->[com.addx.ai:opensdk:1.0.1] AndroidManifest.xml:124:9-127:52
206            android:name="com.ai.guard.vicohome.modules.home.addDevice.GuideHelpActivity"
206-->[com.addx.ai:opensdk:1.0.1] AndroidManifest.xml:125:13-90
207            android:configChanges="orientation|screenSize"
207-->[com.addx.ai:opensdk:1.0.1] AndroidManifest.xml:126:13-59
208            android:screenOrientation="portrait" />
208-->[com.addx.ai:opensdk:1.0.1] AndroidManifest.xml:127:13-49
209        <activity
209-->[com.addx.ai:opensdk:1.0.1] AndroidManifest.xml:128:9-138:20
210            android:name="com.ai.guard.vicohome.modules.devicebind.ChooseWifiActivity"
210-->[com.addx.ai:opensdk:1.0.1] AndroidManifest.xml:129:13-87
211            android:configChanges="orientation|screenSize"
211-->[com.addx.ai:opensdk:1.0.1] AndroidManifest.xml:130:13-59
212            android:screenOrientation="portrait"
212-->[com.addx.ai:opensdk:1.0.1] AndroidManifest.xml:131:13-49
213            android:windowSoftInputMode="adjustPan" >
213-->[com.addx.ai:opensdk:1.0.1] AndroidManifest.xml:132:13-52
214            <intent-filter>
214-->[com.addx.ai:opensdk:1.0.1] AndroidManifest.xml:133:13-137:29
215                <action android:name="action.ADD_DEVICE_SELECT_WIFI" />
215-->[com.addx.ai:opensdk:1.0.1] AndroidManifest.xml:134:17-72
215-->[com.addx.ai:opensdk:1.0.1] AndroidManifest.xml:134:25-69
216
217                <category android:name="android.intent.category.DEFAULT" />
217-->[com.addx.ai:opensdk:1.0.1] AndroidManifest.xml:136:17-76
217-->[com.addx.ai:opensdk:1.0.1] AndroidManifest.xml:136:27-73
218            </intent-filter>
219        </activity>
220        <activity
220-->[com.addx.ai:opensdk:1.0.1] AndroidManifest.xml:139:9-148:20
221            android:name="com.ai.guard.vicohome.modules.devicebind.ConnResultActivity"
221-->[com.addx.ai:opensdk:1.0.1] AndroidManifest.xml:140:13-87
222            android:configChanges="orientation|screenSize"
222-->[com.addx.ai:opensdk:1.0.1] AndroidManifest.xml:141:13-59
223            android:screenOrientation="portrait" >
223-->[com.addx.ai:opensdk:1.0.1] AndroidManifest.xml:142:13-49
224            <intent-filter>
224-->[com.addx.ai:opensdk:1.0.1] AndroidManifest.xml:143:13-147:29
225                <action android:name="action.ADD_DEVICE_CHECK_BIND_RESULT" />
225-->[com.addx.ai:opensdk:1.0.1] AndroidManifest.xml:144:17-78
225-->[com.addx.ai:opensdk:1.0.1] AndroidManifest.xml:144:25-75
226
227                <category android:name="android.intent.category.DEFAULT" />
227-->[com.addx.ai:opensdk:1.0.1] AndroidManifest.xml:136:17-76
227-->[com.addx.ai:opensdk:1.0.1] AndroidManifest.xml:136:27-73
228            </intent-filter>
229        </activity>
230        <activity
230-->[com.addx.ai:opensdk:1.0.1] AndroidManifest.xml:149:9-153:67
231            android:name="com.ai.guard.vicohome.modules.home.addDevice.SetDeviceNameActivity"
231-->[com.addx.ai:opensdk:1.0.1] AndroidManifest.xml:150:13-94
232            android:configChanges="orientation|screenSize"
232-->[com.addx.ai:opensdk:1.0.1] AndroidManifest.xml:151:13-59
233            android:screenOrientation="portrait"
233-->[com.addx.ai:opensdk:1.0.1] AndroidManifest.xml:152:13-49
234            android:windowSoftInputMode="stateHidden|adjustPan" />
234-->[com.addx.ai:opensdk:1.0.1] AndroidManifest.xml:153:13-64
235        <activity
235-->[com.addx.ai:opensdk:1.0.1] AndroidManifest.xml:154:9-157:52
236            android:name="com.ai.guard.vicohome.modules.home.addDevice.DeviceUpdateActivity"
236-->[com.addx.ai:opensdk:1.0.1] AndroidManifest.xml:155:13-93
237            android:configChanges="orientation|screenSize"
237-->[com.addx.ai:opensdk:1.0.1] AndroidManifest.xml:156:13-59
238            android:screenOrientation="portrait" />
238-->[com.addx.ai:opensdk:1.0.1] AndroidManifest.xml:157:13-49
239        <activity
239-->[com.addx.ai:opensdk:1.0.1] AndroidManifest.xml:158:9-161:52
240            android:name="com.ai.guard.vicohome.modules.home.addDevice.LocationManagerActivity"
240-->[com.addx.ai:opensdk:1.0.1] AndroidManifest.xml:159:13-96
241            android:configChanges="orientation|screenSize"
241-->[com.addx.ai:opensdk:1.0.1] AndroidManifest.xml:160:13-59
242            android:screenOrientation="portrait" />
242-->[com.addx.ai:opensdk:1.0.1] AndroidManifest.xml:161:13-49
243        <activity
243-->[com.addx.ai:opensdk:1.0.1] AndroidManifest.xml:162:9-165:52
244            android:name="com.ai.guard.vicohome.modules.mine.device.list.DeviceManagerActivity"
244-->[com.addx.ai:opensdk:1.0.1] AndroidManifest.xml:163:13-96
245            android:configChanges="orientation|screenSize"
245-->[com.addx.ai:opensdk:1.0.1] AndroidManifest.xml:164:13-59
246            android:screenOrientation="portrait" />
246-->[com.addx.ai:opensdk:1.0.1] AndroidManifest.xml:165:13-49
247        <activity
247-->[com.addx.ai:opensdk:1.0.1] AndroidManifest.xml:166:9-169:52
248            android:name="com.ai.guard.vicohome.modules.mine.device.DeviceSettingActivity"
248-->[com.addx.ai:opensdk:1.0.1] AndroidManifest.xml:167:13-91